<?xml version="1.0" encoding="UTF-8"?>
<!-- Generated by org.testng.reporters.JUnitReportReporter -->
<testsuite hostname="Nanogenon-7000" failures="0" tests="12" name="runner.BigSmall" time="85.465" errors="0" timestamp="16 Nov 2021 10:51:53 GMT">
  <testcase classname="runner.BigSmall" name="GiftCard" time="3.847"/>
  <testcase classname="runner.BigSmall" name="HomePageLanding" time="5.088"/>
  <testcase classname="runner.BigSmall" name="PersonalizedPage" time="4.254"/>
  <testcase classname="runner.BigSmall" name="Wishlist" time="6.523"/>
  <testcase classname="runner.BigSmall" name="LoginPage" time="9.335"/>
  <testcase classname="runner.BigSmall" name="AboutUs" time="1.444"/>
  <testcase classname="runner.BigSmall" name="ShopByPage" time="13.637"/>
  <testcase classname="runner.BigSmall" name="AllofIt" time="4.084"/>
  <testcase classname="runner.BigSmall" name="LoginPage" time="9.423"/>
  <testcase classname="runner.BigSmall" name="ChristmasGift" time="12.904"/>
  <testcase classname="runner.BigSmall" name="LoginPage" time="11.354"/>
  <testcase classname="runner.BigSmall" name="Search" time="3.572"/>
</testsuite> <!-- runner.BigSmall -->
