<?xml version="1.0" encoding="UTF-8"?>
<!-- Generated by org.testng.reporters.JUnitReportReporter -->
<testsuite hostname="Nanogenon-7000" failures="0" tests="12" name="runnerTestNG.BigSmall" time="87.467" errors="0" timestamp="19 Nov 2021 14:58:58 GMT">
  <testcase classname="runnerTestNG.BigSmall" name="ShopByPage" time="13.208"/>
  <testcase classname="runnerTestNG.BigSmall" name="HomePageLanding" time="5.118"/>
  <testcase classname="runnerTestNG.BigSmall" name="PersonalizedPage" time="4.336"/>
  <testcase classname="runnerTestNG.BigSmall" name="GiftCard" time="4.020"/>
  <testcase classname="runnerTestNG.BigSmall" name="Wishlist" time="7.300"/>
  <testcase classname="runnerTestNG.BigSmall" name="AboutUs" time="1.358"/>
  <testcase classname="runnerTestNG.BigSmall" name="LoginPage" time="9.578"/>
  <testcase classname="runnerTestNG.BigSmall" name="Search" time="3.714"/>
  <testcase classname="runnerTestNG.BigSmall" name="AllofIt" time="3.968"/>
  <testcase classname="runnerTestNG.BigSmall" name="ChristmasGift" time="13.863"/>
  <testcase classname="runnerTestNG.BigSmall" name="LoginPage" time="11.513"/>
  <testcase classname="runnerTestNG.BigSmall" name="LoginPage" time="9.491"/>
</testsuite> <!-- runnerTestNG.BigSmall -->
